Using pre-set license
Built from '2020.3/staging' branch; Version is '2020.3.16f1 (049d6eca3c44) revision 302446'; Using compiler version '192528614'; Build Type 'Release'
OS: 'Windows 10 Pro; OS build 19043.1237; Version 2009; 64bit' Language: 'en' Physical Memory: 65461 MB
BatchMode: 1, IsHumanControllingUs: 0, StartBugReporterOnCrash: 0, Is64bit: 1, IsPro: 0

 COMMAND LINE ARGUMENTS:
C:\Program Files\Unity\Editor\Unity.exe
-adb2
-batchMode
-noUpm
-name
AssetImportWorker0
-projectPath
D:/Unity/Johnson_Vaughn_DIG3480_Tutorial_1_5/Johnson_Vaughn_DIG3480_Tutorial1_5
-logFile
Logs/AssetImportWorker0.log
-srvPort
59414
Successfully changed project path to: D:/Unity/Johnson_Vaughn_DIG3480_Tutorial_1_5/Johnson_Vaughn_DIG3480_Tutorial1_5
D:/Unity/Johnson_Vaughn_DIG3480_Tutorial_1_5/Johnson_Vaughn_DIG3480_Tutorial1_5
Using Asset Import Pipeline V2.
Refreshing native plugins compatible for Editor in 28.38 ms, found 3 plugins.
Preloading 0 native plugins for Editor in 0.00 ms.
Initialize engine version: 2020.3.16f1 (049d6eca3c44)
[Subsystems] Discovering subsystems at path C:/Program Files/Unity/Editor/Data/Resources/UnitySubsystems
[Subsystems] Discovering subsystems at path D:/Unity/Johnson_Vaughn_DIG3480_Tutorial_1_5/Johnson_Vaughn_DIG3480_Tutorial1_5/Assets
GfxDevice: creating device client; threaded=0
Direct3D:
    Version:  Direct3D 11.0 [level 11.1]
    Renderer: NVIDIA GeForce RTX 3090 (ID=0x2204)
    Vendor:   
    VRAM:     24348 MB
    Driver:   30.0.14.7196
Initialize mono
Mono path[0] = 'C:/Program Files/Unity/Editor/Data/Managed'
Mono path[1] = 'C:/Program Files/Unity/Editor/Data/MonoBleedingEdge/lib/mono/unityjit'
Mono config path = 'C:/Program Files/Unity/Editor/Data/MonoBleedingEdge/etc'
Using monoOptions --debugger-agent=transport=dt_socket,embedding=1,server=y,suspend=n,address=127.0.0.1:56472
Begin MonoManager ReloadAssembly
Registering precompiled unity dll's ...
Register platform support module: C:/Program Files/Unity/Editor/Data/PlaybackEngines/WebGLSupport/UnityEditor.WebGL.Extensions.dll
Register platform support module: C:/Program Files/Unity/Editor/Data/PlaybackEngines/MacStandaloneSupport/UnityEditor.OSXStandalone.Extensions.dll
Register platform support module: C:/Program Files/Unity/Editor/Data/PlaybackEngines/WindowsStandaloneSupport/UnityEditor.WindowsStandalone.Extensions.dll
Register platform support module: C:/Program Files/Unity/Editor/Data/PlaybackEngines/LinuxStandaloneSupport/UnityEditor.LinuxStandalone.Extensions.dll
Register platform support module: C:/Program Files/Unity/Editor/Data/PlaybackEngines/LuminSupport/UnityEditor.Lumin.Extensions.dll
Registered in 0.002444 seconds.
Native extension for Lumin target not found
Native extension for LinuxStandalone target not found
Native extension for WindowsStandalone target not found
Native extension for OSXStandalone target not found
Native extension for WebGL target not found
Refreshing native plugins compatible for Editor in 27.30 ms, found 3 plugins.
Preloading 0 native plugins for Editor in 0.00 ms.
Mono: successfully reloaded assembly
- Completed reload, in  0.828 seconds
Domain Reload Profiling:
	ReloadAssembly (829ms)
		BeginReloadAssembly (35ms)
			ExecutionOrderSort (0ms)
			DisableScriptedObjects (0ms)
			BackupInstance (0ms)
			ReleaseScriptingObjects (0ms)
			CreateAndSetChildDomain (1ms)
		EndReloadAssembly (272ms)
			LoadAssemblies (35ms)
			RebuildTransferFunctionScriptingTraits (0ms)
			SetupTypeCache (91ms)
			ReleaseScriptCaches (0ms)
			RebuildScriptCaches (18ms)
			SetupLoadedEditorAssemblies (113ms)
				LogAssemblyErrors (0ms)
				InitializePlatformSupportModulesInManaged (5ms)
				SetLoadedEditorAssemblies (0ms)
				RefreshPlugins (27ms)
				BeforeProcessingInitializeOnLoad (9ms)
				ProcessInitializeOnLoadAttributes (54ms)
				ProcessInitializeOnLoadMethodAttributes (18ms)
				AfterProcessingInitializeOnLoad (0ms)
				EditorAssembliesLoaded (0ms)
			ExecutionOrderSort2 (0ms)
			AwakeInstancesAfterBackupRestoration (0ms)
Platform modules already initialized, skipping
Registering precompiled user dll's ...
Registered in 0.001832 seconds.
Begin MonoManager ReloadAssembly
Native extension for Lumin target not found
Native extension for LinuxStandalone target not found
Native extension for WindowsStandalone target not found
Native extension for OSXStandalone target not found
Native extension for WebGL target not found
Refreshing native plugins compatible for Editor in 27.81 ms, found 3 plugins.
Preloading 0 native plugins for Editor in 0.00 ms.
Mono: successfully reloaded assembly
- Completed reload, in  0.748 seconds
Domain Reload Profiling:
	ReloadAssembly (748ms)
		BeginReloadAssembly (92ms)
			ExecutionOrderSort (0ms)
			DisableScriptedObjects (3ms)
			BackupInstance (0ms)
			ReleaseScriptingObjects (0ms)
			CreateAndSetChildDomain (14ms)
		EndReloadAssembly (616ms)
			LoadAssemblies (57ms)
			RebuildTransferFunctionScriptingTraits (0ms)
			SetupTypeCache (175ms)
			ReleaseScriptCaches (0ms)
			RebuildScriptCaches (29ms)
			SetupLoadedEditorAssemblies (280ms)
				LogAssemblyErrors (0ms)
				InitializePlatformSupportModulesInManaged (5ms)
				SetLoadedEditorAssemblies (0ms)
				RefreshPlugins (28ms)
				BeforeProcessingInitializeOnLoad (53ms)
				ProcessInitializeOnLoadAttributes (182ms)
				ProcessInitializeOnLoadMethodAttributes (8ms)
				AfterProcessingInitializeOnLoad (4ms)
				EditorAssembliesLoaded (0ms)
			ExecutionOrderSort2 (0ms)
			AwakeInstancesAfterBackupRestoration (4ms)
Platform modules already initialized, skipping
========================================================================
Worker process is ready to serve import requests
Launched and connected shader compiler UnityShaderCompiler.exe after 0.07 seconds
Refreshing native plugins compatible for Editor in 0.41 ms, found 3 plugins.
Preloading 0 native plugins for Editor in 0.00 ms.
Unloading 2092 Unused Serialized files (Serialized files now loaded: 0)
System memory in use before: 93.8 MB.
System memory in use after: 93.9 MB.

Unloading 28 unused Assets to reduce memory usage. Loaded Objects now: 2529.
Total: 2.506300 ms (FindLiveObjects: 0.166200 ms CreateObjectMapping: 0.058500 ms MarkObjects: 2.231800 ms  DeleteObjects: 0.049300 ms)

AssetImportParameters requested are different than current active one (requested -> active):
  custom:framework-win-MediaFoundation: 216162199b28c13a410421893ffa2e32 -> 
  custom:video-decoder-ogg-theora: a1e56fd34408186e4bbccfd4996cb3dc -> 
  custom:container-muxer-webm: aa71ff27fc2769a1b78a27578f13a17b -> 
  custom:container-demuxer-webm: 4f35f7cbe854078d1ac9338744f61a02 -> 
  custom:container-demuxer-ogg: 62fdf1f143b41e24485cea50d1cbac27 -> 
  custom:video-encoder-webm-vp8: eb34c28f22e8b96e1ab97ce403110664 -> 
  custom:video-decoder-webm-vp8: 9c59270c3fd7afecdb556c50c9e8de78 -> 
  custom:audio-decoder-ogg-vorbis: bf7c407c2cedff20999df2af8eb42d56 -> 
  custom:audio-encoder-webm-vorbis: bf7c407c2cedff20999df2af8eb42d56 -> 
========================================================================
Received Import Request.
  path: Assets
  artifactKey: Guid(00000000000000001000000000000000) Importer(815301076,1909f56bfc062723c751e8b465ee728b)
Start importing Assets using Guid(00000000000000001000000000000000) Importer(815301076,1909f56bfc062723c751e8b465ee728b)  -> (artifact id: '42d402b061de3733987d63b9cc3b64de') in 0.007109 seconds 
  Import took 0.009289 seconds .

========================================================================
Received Import Request.
  Time since last request: 8.905482 seconds.
  path: Assets/Animations
  artifactKey: Guid(82509d3638d6f4346ab2cdcbe539f2e4) Importer(815301076,1909f56bfc062723c751e8b465ee728b)
Start importing Assets/Animations using Guid(82509d3638d6f4346ab2cdcbe539f2e4) Importer(815301076,1909f56bfc062723c751e8b465ee728b)  -> (artifact id: 'bdd1cfe9f972b7996abb96998355908c') in 0.004018 seconds 
  Import took 0.006200 seconds .

========================================================================
Received Import Request.
  Time since last request: 7.526002 seconds.
  path: Assets/Scripts
  artifactKey: Guid(b76686c0d5cb1254baef5e582d52141f) Importer(815301076,1909f56bfc062723c751e8b465ee728b)
Start importing Assets/Scripts using Guid(b76686c0d5cb1254baef5e582d52141f) Importer(815301076,1909f56bfc062723c751e8b465ee728b)  -> (artifact id: '5250785820488d25f4d03babd2c31195') in 0.004608 seconds 
  Import took 0.006795 seconds .

========================================================================
Received Import Request.
  Time since last request: 0.000348 seconds.
  path: Assets/Scripts
  artifactKey: Guid(b76686c0d5cb1254baef5e582d52141f) Importer(815301076,1909f56bfc062723c751e8b465ee728b)
Start importing Assets/Scripts using Guid(b76686c0d5cb1254baef5e582d52141f) Importer(815301076,1909f56bfc062723c751e8b465ee728b)  -> (artifact id: '5250785820488d25f4d03babd2c31195') in 0.000723 seconds 
  Import took 0.002238 seconds .

========================================================================
Received Import Request.
  Time since last request: 7.910653 seconds.
  path: Assets/Sounds
  artifactKey: Guid(c6f6afdba52cfa44ab022b1a6f265f0f) Importer(815301076,1909f56bfc062723c751e8b465ee728b)
Start importing Assets/Sounds using Guid(c6f6afdba52cfa44ab022b1a6f265f0f) Importer(815301076,1909f56bfc062723c751e8b465ee728b)  -> (artifact id: '48e30eb473aba71528976b647bb482b9') in 0.003494 seconds 
  Import took 0.005855 seconds .

========================================================================
Received Import Request.
  Time since last request: 10.698408 seconds.
  path: Assets/Sprites
  artifactKey: Guid(7c4c7f968bd9c27489a212a63162704c) Importer(815301076,1909f56bfc062723c751e8b465ee728b)
Start importing Assets/Sprites using Guid(7c4c7f968bd9c27489a212a63162704c) Importer(815301076,1909f56bfc062723c751e8b465ee728b)  -> (artifact id: 'c0cb9a4d8968c617f840394006f4293c') in 0.003428 seconds 
  Import took 0.005647 seconds .

========================================================================
Received Import Request.
  Time since last request: 80.711236 seconds.
  path: Assets/NewBehaviourScript.cs
  artifactKey: Guid(c39e709d24ec2ca44a043b1a57ab5844) Importer(815301076,1909f56bfc062723c751e8b465ee728b)
Start importing Assets/NewBehaviourScript.cs using Guid(c39e709d24ec2ca44a043b1a57ab5844) Importer(815301076,1909f56bfc062723c751e8b465ee728b)  -> (artifact id: '0a9f45701323c5ffcebf170bf151f452') in 0.012679 seconds 
  Import took 0.015049 seconds .

========================================================================
Received Import Request.
  Time since last request: 0.007536 seconds.
  path: Assets/NewBehaviourScript.cs
  artifactKey: Guid(c39e709d24ec2ca44a043b1a57ab5844) Importer(815301076,1909f56bfc062723c751e8b465ee728b)
Start importing Assets/NewBehaviourScript.cs using Guid(c39e709d24ec2ca44a043b1a57ab5844) Importer(815301076,1909f56bfc062723c751e8b465ee728b)  -> (artifact id: '0a9f45701323c5ffcebf170bf151f452') in 0.001092 seconds 
  Import took 0.003317 seconds .

========================================================================
Received Import Request.
  Time since last request: 12.458222 seconds.
  path: Assets/CatController.cs
  artifactKey: Guid(c39e709d24ec2ca44a043b1a57ab5844) Importer(815301076,1909f56bfc062723c751e8b465ee728b)
Start importing Assets/CatController.cs using Guid(c39e709d24ec2ca44a043b1a57ab5844) Importer(815301076,1909f56bfc062723c751e8b465ee728b)  -> (artifact id: '2c0fc200d74d017fcb6191387cc2e164') in 0.004049 seconds 
  Import took 0.006434 seconds .

========================================================================
Received Prepare
Registering precompiled user dll's ...
Registered in 0.001734 seconds.
Begin MonoManager ReloadAssembly
Native extension for Lumin target not found
Native extension for LinuxStandalone target not found
Native extension for WindowsStandalone target not found
Native extension for OSXStandalone target not found
Native extension for WebGL target not found
Refreshing native plugins compatible for Editor in 0.42 ms, found 3 plugins.
Preloading 0 native plugins for Editor in 0.00 ms.
Mono: successfully reloaded assembly
- Completed reload, in  0.701 seconds
Domain Reload Profiling:
	ReloadAssembly (702ms)
		BeginReloadAssembly (81ms)
			ExecutionOrderSort (0ms)
			DisableScriptedObjects (4ms)
			BackupInstance (0ms)
			ReleaseScriptingObjects (0ms)
			CreateAndSetChildDomain (27ms)
		EndReloadAssembly (580ms)
			LoadAssemblies (56ms)
			RebuildTransferFunctionScriptingTraits (0ms)
			SetupTypeCache (176ms)
			ReleaseScriptCaches (1ms)
			RebuildScriptCaches (25ms)
			SetupLoadedEditorAssemblies (260ms)
				LogAssemblyErrors (0ms)
				InitializePlatformSupportModulesInManaged (5ms)
				SetLoadedEditorAssemblies (0ms)
				RefreshPlugins (0ms)
				BeforeProcessingInitializeOnLoad (62ms)
				ProcessInitializeOnLoadAttributes (183ms)
				ProcessInitializeOnLoadMethodAttributes (4ms)
				AfterProcessingInitializeOnLoad (5ms)
				EditorAssembliesLoaded (0ms)
			ExecutionOrderSort2 (0ms)
			AwakeInstancesAfterBackupRestoration (7ms)
Platform modules already initialized, skipping
Refreshing native plugins compatible for Editor in 0.43 ms, found 3 plugins.
Preloading 0 native plugins for Editor in 0.00 ms.
Unloading 2082 Unused Serialized files (Serialized files now loaded: 0)
System memory in use before: 93.2 MB.
System memory in use after: 93.3 MB.

Unloading 16 unused Assets to reduce memory usage. Loaded Objects now: 2532.
Total: 2.498200 ms (FindLiveObjects: 0.173200 ms CreateObjectMapping: 0.065200 ms MarkObjects: 2.244900 ms  DeleteObjects: 0.014300 ms)

AssetImportParameters requested are different than current active one (requested -> active):
  custom:framework-win-MediaFoundation: 216162199b28c13a410421893ffa2e32 -> 
  custom:video-decoder-ogg-theora: a1e56fd34408186e4bbccfd4996cb3dc -> 
  custom:container-muxer-webm: aa71ff27fc2769a1b78a27578f13a17b -> 
  custom:container-demuxer-webm: 4f35f7cbe854078d1ac9338744f61a02 -> 
  custom:container-demuxer-ogg: 62fdf1f143b41e24485cea50d1cbac27 -> 
  custom:video-encoder-webm-vp8: eb34c28f22e8b96e1ab97ce403110664 -> 
  custom:video-decoder-webm-vp8: 9c59270c3fd7afecdb556c50c9e8de78 -> 
  custom:audio-decoder-ogg-vorbis: bf7c407c2cedff20999df2af8eb42d56 -> 
  custom:audio-encoder-webm-vorbis: bf7c407c2cedff20999df2af8eb42d56 -> 
========================================================================
Received Prepare
Registering precompiled user dll's ...
Registered in 0.001776 seconds.
Begin MonoManager ReloadAssembly
Native extension for Lumin target not found
Native extension for LinuxStandalone target not found
Native extension for WindowsStandalone target not found
Native extension for OSXStandalone target not found
Native extension for WebGL target not found
Refreshing native plugins compatible for Editor in 0.42 ms, found 3 plugins.
Preloading 0 native plugins for Editor in 0.00 ms.
Mono: successfully reloaded assembly
- Completed reload, in  0.694 seconds
Domain Reload Profiling:
	ReloadAssembly (694ms)
		BeginReloadAssembly (82ms)
			ExecutionOrderSort (0ms)
			DisableScriptedObjects (4ms)
			BackupInstance (0ms)
			ReleaseScriptingObjects (0ms)
			CreateAndSetChildDomain (26ms)
		EndReloadAssembly (570ms)
			LoadAssemblies (57ms)
			RebuildTransferFunctionScriptingTraits (0ms)
			SetupTypeCache (172ms)
			ReleaseScriptCaches (1ms)
			RebuildScriptCaches (26ms)
			SetupLoadedEditorAssemblies (251ms)
				LogAssemblyErrors (0ms)
				InitializePlatformSupportModulesInManaged (6ms)
				SetLoadedEditorAssemblies (1ms)
				RefreshPlugins (0ms)
				BeforeProcessingInitializeOnLoad (60ms)
				ProcessInitializeOnLoadAttributes (175ms)
				ProcessInitializeOnLoadMethodAttributes (4ms)
				AfterProcessingInitializeOnLoad (5ms)
				EditorAssembliesLoaded (0ms)
			ExecutionOrderSort2 (0ms)
			AwakeInstancesAfterBackupRestoration (8ms)
Platform modules already initialized, skipping
Refreshing native plugins compatible for Editor in 0.47 ms, found 3 plugins.
Preloading 0 native plugins for Editor in 0.00 ms.
Unloading 2082 Unused Serialized files (Serialized files now loaded: 0)
System memory in use before: 93.3 MB.
System memory in use after: 93.4 MB.

Unloading 16 unused Assets to reduce memory usage. Loaded Objects now: 2535.
Total: 2.532500 ms (FindLiveObjects: 0.166400 ms CreateObjectMapping: 0.052300 ms MarkObjects: 2.299200 ms  DeleteObjects: 0.013900 ms)

AssetImportParameters requested are different than current active one (requested -> active):
  custom:framework-win-MediaFoundation: 216162199b28c13a410421893ffa2e32 -> 
  custom:video-decoder-ogg-theora: a1e56fd34408186e4bbccfd4996cb3dc -> 
  custom:container-muxer-webm: aa71ff27fc2769a1b78a27578f13a17b -> 
  custom:container-demuxer-webm: 4f35f7cbe854078d1ac9338744f61a02 -> 
  custom:container-demuxer-ogg: 62fdf1f143b41e24485cea50d1cbac27 -> 
  custom:video-encoder-webm-vp8: eb34c28f22e8b96e1ab97ce403110664 -> 
  custom:video-decoder-webm-vp8: 9c59270c3fd7afecdb556c50c9e8de78 -> 
  custom:audio-decoder-ogg-vorbis: bf7c407c2cedff20999df2af8eb42d56 -> 
  custom:audio-encoder-webm-vorbis: bf7c407c2cedff20999df2af8eb42d56 -> 
========================================================================
Received Import Request.
  Time since last request: 18.097329 seconds.
  path: Assets/CatController.cs
  artifactKey: Guid(c39e709d24ec2ca44a043b1a57ab5844) Importer(815301076,1909f56bfc062723c751e8b465ee728b)
Start importing Assets/CatController.cs using Guid(c39e709d24ec2ca44a043b1a57ab5844) Importer(815301076,1909f56bfc062723c751e8b465ee728b)  -> (artifact id: '3aba094fadae75dbd68de9015ceb4af6') in 0.004154 seconds 
  Import took 0.006404 seconds .

========================================================================
Received Import Request.
  Time since last request: 599.297449 seconds.
  path: Assets/Sprites/Dead (1).png
  artifactKey: Guid(c8894faad906c2a42af28a1675da6651) Importer(815301076,1909f56bfc062723c751e8b465ee728b)
Start importing Assets/Sprites/Dead (1).png using Guid(c8894faad906c2a42af28a1675da6651) Importer(815301076,1909f56bfc062723c751e8b465ee728b)  -> (artifact id: '07d59a580af1ccc85cd5e8a33f76a566') in 0.078132 seconds 
  Import took 0.080961 seconds .

========================================================================
Received Import Request.
  Time since last request: 0.000152 seconds.
  path: Assets/Sprites/Dead (3).png
  artifactKey: Guid(54beda6027ae91842b28fe03ed7a49ca) Importer(815301076,1909f56bfc062723c751e8b465ee728b)
Start importing Assets/Sprites/Dead (3).png using Guid(54beda6027ae91842b28fe03ed7a49ca) Importer(815301076,1909f56bfc062723c751e8b465ee728b)  -> (artifact id: 'b9651163641557250ca5ca7fad0c8047') in 0.022546 seconds 
  Import took 0.024650 seconds .

========================================================================
Received Import Request.
  Time since last request: 0.000121 seconds.
  path: Assets/Sprites/Fall (3).png
  artifactKey: Guid(852bddc74b9a1ab46b9bbeb8b8616b0b) Importer(815301076,1909f56bfc062723c751e8b465ee728b)
Start importing Assets/Sprites/Fall (3).png using Guid(852bddc74b9a1ab46b9bbeb8b8616b0b) Importer(815301076,1909f56bfc062723c751e8b465ee728b)  -> (artifact id: 'dac2db4157b0786684a6aeb356dc8adc') in 0.012109 seconds 
  Import took 0.014050 seconds .

========================================================================
Received Import Request.
  Time since last request: 0.000118 seconds.
  path: Assets/Sprites/Jump (1).png
  artifactKey: Guid(59a8b2b4c18288d46af3a84c8686c159) Importer(815301076,1909f56bfc062723c751e8b465ee728b)
Start importing Assets/Sprites/Jump (1).png using Guid(59a8b2b4c18288d46af3a84c8686c159) Importer(815301076,1909f56bfc062723c751e8b465ee728b)  -> (artifact id: 'ae99c70a57903f2ae11f9755c3dce50a') in 0.021679 seconds 
  Import took 0.023812 seconds .

========================================================================
Received Import Request.
  Time since last request: 0.000131 seconds.
  path: Assets/Sprites/Jump (2).png
  artifactKey: Guid(4e2f89f287f741948818d35354df0e73) Importer(815301076,1909f56bfc062723c751e8b465ee728b)
Start importing Assets/Sprites/Jump (2).png using Guid(4e2f89f287f741948818d35354df0e73) Importer(815301076,1909f56bfc062723c751e8b465ee728b)  -> (artifact id: 'c399a0e2e219cc4deade84dda972e052') in 0.017792 seconds 
  Import took 0.020104 seconds .

========================================================================
Received Import Request.
  Time since last request: 0.000143 seconds.
  path: Assets/Sprites/Fall (1).png
  artifactKey: Guid(bbf7d00fac32a014696cf4705499ff1f) Importer(815301076,1909f56bfc062723c751e8b465ee728b)
Start importing Assets/Sprites/Fall (1).png using Guid(bbf7d00fac32a014696cf4705499ff1f) Importer(815301076,1909f56bfc062723c751e8b465ee728b)  -> (artifact id: '77276d817e35454a0ac4798cb63ee7cb') in 0.010674 seconds 
  Import took 0.013144 seconds .

========================================================================
Received Import Request.
  Time since last request: 0.000121 seconds.
  path: Assets/Sprites/Slide (4).png
  artifactKey: Guid(0111b83643a0b1542967ad8321e37652) Importer(815301076,1909f56bfc062723c751e8b465ee728b)
Start importing Assets/Sprites/Slide (4).png using Guid(0111b83643a0b1542967ad8321e37652) Importer(815301076,1909f56bfc062723c751e8b465ee728b)  -> (artifact id: 'efc5c4e095b3e1c120e205477d1ec48d') in 0.007804 seconds 
  Import took 0.009756 seconds .

========================================================================
Received Import Request.
  Time since last request: 0.000103 seconds.
  path: Assets/Sprites/Walk (4).png
  artifactKey: Guid(1ffbd81a215bc5149b6918d1316bd557) Importer(815301076,1909f56bfc062723c751e8b465ee728b)
Start importing Assets/Sprites/Walk (4).png using Guid(1ffbd81a215bc5149b6918d1316bd557) Importer(815301076,1909f56bfc062723c751e8b465ee728b)  -> (artifact id: '0a64ab3d54c5ae73900c9437e78bcb94') in 0.008602 seconds 
  Import took 0.010427 seconds .

========================================================================
Received Import Request.
  Time since last request: 0.000116 seconds.
  path: Assets/Sprites/Slide (5).png
  artifactKey: Guid(356983e7343df854fbb004403c9d9093) Importer(815301076,1909f56bfc062723c751e8b465ee728b)
Start importing Assets/Sprites/Slide (5).png using Guid(356983e7343df854fbb004403c9d9093) Importer(815301076,1909f56bfc062723c751e8b465ee728b)  -> (artifact id: '1dd930f02663507363c5aa44b2000ec1') in 0.008641 seconds 
  Import took 0.010465 seconds .

========================================================================
Received Import Request.
  Time since last request: 0.000106 seconds.
  path: Assets/Sprites/Fall (8).png
  artifactKey: Guid(22258703d81b7c9448033157cb5f1a1f) Importer(815301076,1909f56bfc062723c751e8b465ee728b)
Start importing Assets/Sprites/Fall (8).png using Guid(22258703d81b7c9448033157cb5f1a1f) Importer(815301076,1909f56bfc062723c751e8b465ee728b)  -> (artifact id: '2d4754e61212449b8e6d5ec203092e56') in 0.007420 seconds 
  Import took 0.009184 seconds .

========================================================================
Received Import Request.
  Time since last request: 0.000107 seconds.
  path: Assets/Sprites/Idle (1).png
  artifactKey: Guid(6f5989f7f484cb349aad8ba30a4e6952) Importer(815301076,1909f56bfc062723c751e8b465ee728b)
Start importing Assets/Sprites/Idle (1).png using Guid(6f5989f7f484cb349aad8ba30a4e6952) Importer(815301076,1909f56bfc062723c751e8b465ee728b)  -> (artifact id: '095c2cd271a513069bc87d7c0029f20a') in 0.008634 seconds 
  Import took 0.010466 seconds .

========================================================================
Received Import Request.
  Time since last request: 0.000109 seconds.
  path: Assets/Sprites/Jump (8).png
  artifactKey: Guid(73fdb51f0183f894eb552d76cf26db76) Importer(815301076,1909f56bfc062723c751e8b465ee728b)
Start importing Assets/Sprites/Jump (8).png using Guid(73fdb51f0183f894eb552d76cf26db76) Importer(815301076,1909f56bfc062723c751e8b465ee728b)  -> (artifact id: '7f6d6b1e41066eb85ac1ef83cc4d9035') in 0.007024 seconds 
  Import took 0.008758 seconds .

========================================================================
Received Import Request.
  Time since last request: 0.000105 seconds.
  path: Assets/Sprites/Idle (9).png
  artifactKey: Guid(d774bdd112929b84d836ff8038ea16be) Importer(815301076,1909f56bfc062723c751e8b465ee728b)
Start importing Assets/Sprites/Idle (9).png using Guid(d774bdd112929b84d836ff8038ea16be) Importer(815301076,1909f56bfc062723c751e8b465ee728b)  -> (artifact id: '11c9f3591aeb725375c367e3eae71560') in 0.008549 seconds 
  Import took 0.010467 seconds .

========================================================================
Received Import Request.
  Time since last request: 0.000129 seconds.
  path: Assets/Sprites/Idle (2).png
  artifactKey: Guid(b2f0b2dcf95e3bd439cbc2c920a810ae) Importer(815301076,1909f56bfc062723c751e8b465ee728b)
Start importing Assets/Sprites/Idle (2).png using Guid(b2f0b2dcf95e3bd439cbc2c920a810ae) Importer(815301076,1909f56bfc062723c751e8b465ee728b)  -> (artifact id: '7b49849d0fb3abd7c0c24e43d80e325b') in 0.008145 seconds 
  Import took 0.010083 seconds .

========================================================================
Received Import Request.
  Time since last request: 0.000116 seconds.
  path: Assets/Sprites/Idle (3).png
  artifactKey: Guid(d4556bc98081c17469f5afe082deacbd) Importer(815301076,1909f56bfc062723c751e8b465ee728b)
Start importing Assets/Sprites/Idle (3).png using Guid(d4556bc98081c17469f5afe082deacbd) Importer(815301076,1909f56bfc062723c751e8b465ee728b)  -> (artifact id: 'e7d9b785ee77870e97808fb89a4ce04d') in 0.007425 seconds 
  Import took 0.009247 seconds .

========================================================================
Received Import Request.
  Time since last request: 0.000113 seconds.
  path: Assets/Sprites/Jump (5).png
  artifactKey: Guid(249b0de4d0bfccf4d9f5658865e85fb8) Importer(815301076,1909f56bfc062723c751e8b465ee728b)
Start importing Assets/Sprites/Jump (5).png using Guid(249b0de4d0bfccf4d9f5658865e85fb8) Importer(815301076,1909f56bfc062723c751e8b465ee728b)  -> (artifact id: '23eecd8238f2cd5e0e4012f7d7cbe0e8') in 0.008630 seconds 
  Import took 0.010811 seconds .

========================================================================
Received Import Request.
  Time since last request: 0.000117 seconds.
  path: Assets/Sprites/Walk (1).png
  artifactKey: Guid(e27609b291a61bb43bc88167adfc464d) Importer(815301076,1909f56bfc062723c751e8b465ee728b)
Start importing Assets/Sprites/Walk (1).png using Guid(e27609b291a61bb43bc88167adfc464d) Importer(815301076,1909f56bfc062723c751e8b465ee728b)  -> (artifact id: 'b5665aa2dd27d565248320206a3c24c2') in 0.008906 seconds 
  Import took 0.011147 seconds .

========================================================================
Received Import Request.
  Time since last request: 0.000161 seconds.
  path: Assets/Sprites/Jump (6).png
  artifactKey: Guid(3e61a3596fe3a69489848adfc8601d62) Importer(815301076,1909f56bfc062723c751e8b465ee728b)
Start importing Assets/Sprites/Jump (6).png using Guid(3e61a3596fe3a69489848adfc8601d62) Importer(815301076,1909f56bfc062723c751e8b465ee728b)  -> (artifact id: '59a01f5539e7b13662bf4fde51f76c5f') in 0.010306 seconds 
  Import took 0.012849 seconds .

========================================================================
Received Import Request.
  Time since last request: 0.000147 seconds.
  path: Assets/Sprites/Run (2).png
  artifactKey: Guid(4de2b1817f819c94e9b6cd8589526f27) Importer(815301076,1909f56bfc062723c751e8b465ee728b)
Start importing Assets/Sprites/Run (2).png using Guid(4de2b1817f819c94e9b6cd8589526f27) Importer(815301076,1909f56bfc062723c751e8b465ee728b)  -> (artifact id: 'd663f3f7e7884044629878a56006b1e0') in 0.009515 seconds 
  Import took 0.012011 seconds .

========================================================================
Received Import Request.
  Time since last request: 0.000198 seconds.
  path: Assets/Sprites/Fall (4).png
  artifactKey: Guid(210be99b87611e247b403e71809b9c7c) Importer(815301076,1909f56bfc062723c751e8b465ee728b)
Start importing Assets/Sprites/Fall (4).png using Guid(210be99b87611e247b403e71809b9c7c) Importer(815301076,1909f56bfc062723c751e8b465ee728b)  -> (artifact id: '79cfd7e853fbb7a5e70f73f3a4d54378') in 0.010611 seconds 
  Import took 0.013349 seconds .

========================================================================
Received Import Request.
  Time since last request: 0.000152 seconds.
  path: Assets/Sprites/Dead (4).png
  artifactKey: Guid(cc9d578ca37ad7d44856e5bb2371fc2c) Importer(815301076,1909f56bfc062723c751e8b465ee728b)
Start importing Assets/Sprites/Dead (4).png using Guid(cc9d578ca37ad7d44856e5bb2371fc2c) Importer(815301076,1909f56bfc062723c751e8b465ee728b)  -> (artifact id: '1976bec41ef4ec634a466c9986cd7ab7') in 0.010832 seconds 
  Import took 0.013527 seconds .

========================================================================
Received Import Request.
  Time since last request: 0.000170 seconds.
  path: Assets/Sprites/Dead (7).png
  artifactKey: Guid(70b51e8ab397b31499c01ae7852ea9aa) Importer(815301076,1909f56bfc062723c751e8b465ee728b)
Start importing Assets/Sprites/Dead (7).png using Guid(70b51e8ab397b31499c01ae7852ea9aa) Importer(815301076,1909f56bfc062723c751e8b465ee728b)  -> (artifact id: '533700fb349bde7bf26ae4464fe70a90') in 0.009481 seconds 
  Import took 0.012057 seconds .

========================================================================
Received Import Request.
  Time since last request: 0.000132 seconds.
  path: Assets/Sprites/Slide (3).png
  artifactKey: Guid(425259aeff0bffa43b0225c903294e93) Importer(815301076,1909f56bfc062723c751e8b465ee728b)
Start importing Assets/Sprites/Slide (3).png using Guid(425259aeff0bffa43b0225c903294e93) Importer(815301076,1909f56bfc062723c751e8b465ee728b)  -> (artifact id: '5dc097de877c7a1a33e3630f90f5046f') in 0.010301 seconds 
  Import took 0.012775 seconds .

========================================================================
Received Import Request.
  Time since last request: 0.000176 seconds.
  path: Assets/Sprites/Dead (2).png
  artifactKey: Guid(f9f7ba13a18d4674c851b2c1a2ae223e) Importer(815301076,1909f56bfc062723c751e8b465ee728b)
Start importing Assets/Sprites/Dead (2).png using Guid(f9f7ba13a18d4674c851b2c1a2ae223e) Importer(815301076,1909f56bfc062723c751e8b465ee728b)  -> (artifact id: 'ed31d417760aa0ab9a81ea908f12853c') in 0.011825 seconds 
  Import took 0.014515 seconds .

========================================================================
Received Import Request.
  Time since last request: 0.000133 seconds.
  path: Assets/Sprites/Dead (9).png
  artifactKey: Guid(c3843a4941676ce49bbce3bce24d3d0a) Importer(815301076,1909f56bfc062723c751e8b465ee728b)
Start importing Assets/Sprites/Dead (9).png using Guid(c3843a4941676ce49bbce3bce24d3d0a) Importer(815301076,1909f56bfc062723c751e8b465ee728b)  -> (artifact id: '2d286a9c4c9fd8276b2b217ad00f5853') in 0.010139 seconds 
  Import took 0.012625 seconds .

========================================================================
Received Import Request.
  Time since last request: 0.000142 seconds.
  path: Assets/Sprites/Hurt (4).png
  artifactKey: Guid(d99628dcccdba9b4fa8c3175fdc3b7a1) Importer(815301076,1909f56bfc062723c751e8b465ee728b)
Start importing Assets/Sprites/Hurt (4).png using Guid(d99628dcccdba9b4fa8c3175fdc3b7a1) Importer(815301076,1909f56bfc062723c751e8b465ee728b)  -> (artifact id: 'b0a2b628634106a881c0d5748716d36b') in 0.009862 seconds 
  Import took 0.012100 seconds .

========================================================================
Received Import Request.
  Time since last request: 0.000139 seconds.
  path: Assets/Sprites/Slide (7).png
  artifactKey: Guid(846def155ddac214e943005bc825c37d) Importer(815301076,1909f56bfc062723c751e8b465ee728b)
Start importing Assets/Sprites/Slide (7).png using Guid(846def155ddac214e943005bc825c37d) Importer(815301076,1909f56bfc062723c751e8b465ee728b)  -> (artifact id: 'b50ac4d225a0ba92519b3c0b370cc0b6') in 0.008803 seconds 
  Import took 0.011635 seconds .

========================================================================
Received Import Request.
  Time since last request: 0.000155 seconds.
  path: Assets/Sprites/Walk (3).png
  artifactKey: Guid(cb984318ed7d4de4b8061f350b97fcc6) Importer(815301076,1909f56bfc062723c751e8b465ee728b)
Start importing Assets/Sprites/Walk (3).png using Guid(cb984318ed7d4de4b8061f350b97fcc6) Importer(815301076,1909f56bfc062723c751e8b465ee728b)  -> (artifact id: 'a96d591e84b1574a4c5867546dea5fd3') in 0.008630 seconds 
  Import took 0.011100 seconds .

========================================================================
Received Import Request.
  Time since last request: 0.000123 seconds.
  path: Assets/Sprites/Hurt (8).png
  artifactKey: Guid(6ceced35b2b3cef4dae27cfab0dca150) Importer(815301076,1909f56bfc062723c751e8b465ee728b)
Start importing Assets/Sprites/Hurt (8).png using Guid(6ceced35b2b3cef4dae27cfab0dca150) Importer(815301076,1909f56bfc062723c751e8b465ee728b)  -> (artifact id: '25430c8e832a97f46ff7d1965c249679') in 0.007922 seconds 
  Import took 0.010046 seconds .

========================================================================
Received Import Request.
  Time since last request: 0.000148 seconds.
  path: Assets/Sprites/Idle (7).png
  artifactKey: Guid(99ad1bb3180bd0a41be78ed0a7187e67) Importer(815301076,1909f56bfc062723c751e8b465ee728b)
Start importing Assets/Sprites/Idle (7).png using Guid(99ad1bb3180bd0a41be78ed0a7187e67) Importer(815301076,1909f56bfc062723c751e8b465ee728b)  -> (artifact id: 'cdb386b0f877a513facfa322ee8d72e9') in 0.009635 seconds 
  Import took 0.011859 seconds .

========================================================================
Received Import Request.
  Time since last request: 0.000178 seconds.
  path: Assets/Sprites/Run (6).png
  artifactKey: Guid(235843d20dfcd8d4f86d5a9c6c20254a) Importer(815301076,1909f56bfc062723c751e8b465ee728b)
Start importing Assets/Sprites/Run (6).png using Guid(235843d20dfcd8d4f86d5a9c6c20254a) Importer(815301076,1909f56bfc062723c751e8b465ee728b)  -> (artifact id: '4a842c86898a744c38e7c7d62f4c9615') in 0.008346 seconds 
  Import took 0.010892 seconds .

========================================================================
Received Import Request.
  Time since last request: 0.000133 seconds.
  path: Assets/Sprites/Run (8).png
  artifactKey: Guid(0e487c1b46cdd084b9e4530b9c1cfec3) Importer(815301076,1909f56bfc062723c751e8b465ee728b)
Start importing Assets/Sprites/Run (8).png using Guid(0e487c1b46cdd084b9e4530b9c1cfec3) Importer(815301076,1909f56bfc062723c751e8b465ee728b)  -> (artifact id: '9f052783d1805103074b7c245a660308') in 0.008914 seconds 
  Import took 0.010915 seconds .

========================================================================
Received Import Request.
  Time since last request: 0.000114 seconds.
  path: Assets/Sprites/Slide (8).png
  artifactKey: Guid(3dc94a7e741f9a248a95a9317ef392c6) Importer(815301076,1909f56bfc062723c751e8b465ee728b)
Start importing Assets/Sprites/Slide (8).png using Guid(3dc94a7e741f9a248a95a9317ef392c6) Importer(815301076,1909f56bfc062723c751e8b465ee728b)  -> (artifact id: '655b7fd0e554c72c97d26feaf2c6a92e') in 0.008450 seconds 
  Import took 0.010494 seconds .

========================================================================
Received Import Request.
  Time since last request: 0.000131 seconds.
  path: Assets/Sprites/Jump (4).png
  artifactKey: Guid(1100061139310744b80c0f329b114454) Importer(815301076,1909f56bfc062723c751e8b465ee728b)
Start importing Assets/Sprites/Jump (4).png using Guid(1100061139310744b80c0f329b114454) Importer(815301076,1909f56bfc062723c751e8b465ee728b)  -> (artifact id: '125a3ddbe5dbed645a70105c29540ea2') in 0.009243 seconds 
  Import took 0.011608 seconds .

========================================================================
Received Import Request.
  Time since last request: 0.000149 seconds.
  path: Assets/Sprites/Idle (4).png
  artifactKey: Guid(440072eade2b011429974bb0c8fd08f8) Importer(815301076,1909f56bfc062723c751e8b465ee728b)
Start importing Assets/Sprites/Idle (4).png using Guid(440072eade2b011429974bb0c8fd08f8) Importer(815301076,1909f56bfc062723c751e8b465ee728b)  -> (artifact id: '8010f6f38eaa0cf66751078b7b44a15f') in 0.010866 seconds 
  Import took 0.013452 seconds .

========================================================================
Received Import Request.
  Time since last request: 0.000129 seconds.
  path: Assets/Sprites/Dead (8).png
  artifactKey: Guid(5cbb9c58caf7f4d4ea8984ff41531e4b) Importer(815301076,1909f56bfc062723c751e8b465ee728b)
Start importing Assets/Sprites/Dead (8).png using Guid(5cbb9c58caf7f4d4ea8984ff41531e4b) Importer(815301076,1909f56bfc062723c751e8b465ee728b)  -> (artifact id: '74b00cfaafe1771706a08f07bb6ba22a') in 0.010601 seconds 
  Import took 0.012986 seconds .

========================================================================
Received Import Request.
  Time since last request: 0.000124 seconds.
  path: Assets/Sprites/Fall (2).png
  artifactKey: Guid(220a868f39c19a0428cb543c94b6e755) Importer(815301076,1909f56bfc062723c751e8b465ee728b)
Start importing Assets/Sprites/Fall (2).png using Guid(220a868f39c19a0428cb543c94b6e755) Importer(815301076,1909f56bfc062723c751e8b465ee728b)  -> (artifact id: '7bcc31acd69229100065d949a427b669') in 0.009692 seconds 
  Import took 0.012012 seconds .

========================================================================
Received Import Request.
  Time since last request: 0.000139 seconds.
  path: Assets/Sprites/Slide (10).png
  artifactKey: Guid(7a653be861c32334e9126049cacbb22e) Importer(815301076,1909f56bfc062723c751e8b465ee728b)
Start importing Assets/Sprites/Slide (10).png using Guid(7a653be861c32334e9126049cacbb22e) Importer(815301076,1909f56bfc062723c751e8b465ee728b)  -> (artifact id: '1852e8494ba72c292767ffdf3ae2f9c9') in 0.008180 seconds 
  Import took 0.010714 seconds .

========================================================================
Received Import Request.
  Time since last request: 0.000127 seconds.
  path: Assets/Sprites/Dead (6).png
  artifactKey: Guid(56e3ef06187269640a75b4fab6f92256) Importer(815301076,1909f56bfc062723c751e8b465ee728b)
Start importing Assets/Sprites/Dead (6).png using Guid(56e3ef06187269640a75b4fab6f92256) Importer(815301076,1909f56bfc062723c751e8b465ee728b)  -> (artifact id: '6dcf8c842b32d6beac32308f6688a8ea') in 0.010720 seconds 
  Import took 0.012812 seconds .

========================================================================
Received Import Request.
  Time since last request: 0.000135 seconds.
  path: Assets/Sprites/Idle (5).png
  artifactKey: Guid(75b290cd44d45c14b9896fb1fcc1d178) Importer(815301076,1909f56bfc062723c751e8b465ee728b)
Start importing Assets/Sprites/Idle (5).png using Guid(75b290cd44d45c14b9896fb1fcc1d178) Importer(815301076,1909f56bfc062723c751e8b465ee728b)  -> (artifact id: '0ebd9708130058afb7779b5ce7ec950f') in 0.008492 seconds 
  Import took 0.010570 seconds .

========================================================================
Received Import Request.
  Time since last request: 0.000157 seconds.
  path: Assets/Sprites/Walk (10).png
  artifactKey: Guid(235351b426ee8d4419041774c7392f98) Importer(815301076,1909f56bfc062723c751e8b465ee728b)
Start importing Assets/Sprites/Walk (10).png using Guid(235351b426ee8d4419041774c7392f98) Importer(815301076,1909f56bfc062723c751e8b465ee728b)  -> (artifact id: '2f18c691c35130190db924c6a7fe6ff3') in 0.009872 seconds 
  Import took 0.012348 seconds .

========================================================================
Received Import Request.
  Time since last request: 0.000139 seconds.
  path: Assets/Sprites/Hurt (7).png
  artifactKey: Guid(1de412dd60014574d9ede691346b3730) Importer(815301076,1909f56bfc062723c751e8b465ee728b)
Start importing Assets/Sprites/Hurt (7).png using Guid(1de412dd60014574d9ede691346b3730) Importer(815301076,1909f56bfc062723c751e8b465ee728b)  -> (artifact id: 'ae177c49d934282c763bd90b9ab8adee') in 0.009102 seconds 
  Import took 0.011191 seconds .

========================================================================
Received Import Request.
  Time since last request: 0.000128 seconds.
  path: Assets/Sprites/Walk (9).png
  artifactKey: Guid(e002e3db530d8c9499adc44fa2645cfa) Importer(815301076,1909f56bfc062723c751e8b465ee728b)
Start importing Assets/Sprites/Walk (9).png using Guid(e002e3db530d8c9499adc44fa2645cfa) Importer(815301076,1909f56bfc062723c751e8b465ee728b)  -> (artifact id: '79f58ef06bb0ac9b9ab14490f7ff260c') in 0.008264 seconds 
  Import took 0.010246 seconds .

========================================================================
Received Import Request.
  Time since last request: 0.000147 seconds.
  path: Assets/Sprites/Walk (7).png
  artifactKey: Guid(c752a6a66a2dbe1418d084c0a25360bb) Importer(815301076,1909f56bfc062723c751e8b465ee728b)
Start importing Assets/Sprites/Walk (7).png using Guid(c752a6a66a2dbe1418d084c0a25360bb) Importer(815301076,1909f56bfc062723c751e8b465ee728b)  -> (artifact id: '98ec3f8346d7199e85bbe58b7a8a14ee') in 0.008023 seconds 
  Import took 0.010161 seconds .

========================================================================
Received Import Request.
  Time since last request: 0.000138 seconds.
  path: Assets/Sprites/Run (7).png
  artifactKey: Guid(55b9e3d13359fb1408c6a5028ec6ba0e) Importer(815301076,1909f56bfc062723c751e8b465ee728b)
Start importing Assets/Sprites/Run (7).png using Guid(55b9e3d13359fb1408c6a5028ec6ba0e) Importer(815301076,1909f56bfc062723c751e8b465ee728b)  -> (artifact id: 'bbe7f719875ee927fe3558a770269a6c') in 0.008259 seconds 
  Import took 0.010597 seconds .

========================================================================
Received Import Request.
  Time since last request: 0.000160 seconds.
  path: Assets/Sprites/Fall (5).png
  artifactKey: Guid(e1cdf447d0f16e1458e58f76a1343de1) Importer(815301076,1909f56bfc062723c751e8b465ee728b)
Start importing Assets/Sprites/Fall (5).png using Guid(e1cdf447d0f16e1458e58f76a1343de1) Importer(815301076,1909f56bfc062723c751e8b465ee728b)  -> (artifact id: 'd91439a5196aa0a700c2ac4205706290') in 0.010286 seconds 
  Import took 0.012641 seconds .

========================================================================
Received Import Request.
  Time since last request: 0.000177 seconds.
  path: Assets/Sprites/Walk (8).png
  artifactKey: Guid(c2c7acd857da5b747bffcb57927707f8) Importer(815301076,1909f56bfc062723c751e8b465ee728b)
Start importing Assets/Sprites/Walk (8).png using Guid(c2c7acd857da5b747bffcb57927707f8) Importer(815301076,1909f56bfc062723c751e8b465ee728b)  -> (artifact id: '744cb63ac4c7ad98ada1e3110ec7b721') in 0.009616 seconds 
  Import took 0.012316 seconds .

========================================================================
Received Import Request.
  Time since last request: 0.000140 seconds.
  path: Assets/Sprites/Slide (2).png
  artifactKey: Guid(c73627ff6535fc44d84b212b9e4d341a) Importer(815301076,1909f56bfc062723c751e8b465ee728b)
Start importing Assets/Sprites/Slide (2).png using Guid(c73627ff6535fc44d84b212b9e4d341a) Importer(815301076,1909f56bfc062723c751e8b465ee728b)  -> (artifact id: '9f26e636d7a5f07ba362ce424cc87f16') in 0.009156 seconds 
  Import took 0.011587 seconds .

========================================================================
Received Import Request.
  Time since last request: 0.000160 seconds.
  path: Assets/Sprites/Walk (6).png
  artifactKey: Guid(7fa44016182591e4788c86cc0021c02e) Importer(815301076,1909f56bfc062723c751e8b465ee728b)
Start importing Assets/Sprites/Walk (6).png using Guid(7fa44016182591e4788c86cc0021c02e) Importer(815301076,1909f56bfc062723c751e8b465ee728b)  -> (artifact id: '3d7f9dcde94c1701fc079042cfeaf042') in 0.009323 seconds 
  Import took 0.012023 seconds .

========================================================================
Received Import Request.
  Time since last request: 0.000162 seconds.
  path: Assets/Sprites/Hurt (1).png
  artifactKey: Guid(3f5bf981ae5da8248a0c479b35f4a11c) Importer(815301076,1909f56bfc062723c751e8b465ee728b)
Start importing Assets/Sprites/Hurt (1).png using Guid(3f5bf981ae5da8248a0c479b35f4a11c) Importer(815301076,1909f56bfc062723c751e8b465ee728b)  -> (artifact id: 'c9b32ba7e946affe2adbfbecdd34229f') in 0.008987 seconds 
  Import took 0.011638 seconds .

========================================================================
Received Import Request.
  Time since last request: 0.000129 seconds.
  path: Assets/Sprites/Hurt (10).png
  artifactKey: Guid(3f4cd413bdbd48d4a85504154fae1021) Importer(815301076,1909f56bfc062723c751e8b465ee728b)
Start importing Assets/Sprites/Hurt (10).png using Guid(3f4cd413bdbd48d4a85504154fae1021) Importer(815301076,1909f56bfc062723c751e8b465ee728b)  -> (artifact id: '0e7de2111ed6d84d0fa8eca0bc892e04') in 0.010539 seconds 
  Import took 0.012989 seconds .

========================================================================
Received Import Request.
  Time since last request: 0.000135 seconds.
  path: Assets/Sprites/Idle (6).png
  artifactKey: Guid(148f6ebdb5aed8346a7dcb3360d43fbf) Importer(815301076,1909f56bfc062723c751e8b465ee728b)
Start importing Assets/Sprites/Idle (6).png using Guid(148f6ebdb5aed8346a7dcb3360d43fbf) Importer(815301076,1909f56bfc062723c751e8b465ee728b)  -> (artifact id: '706ad696ac466b5d396ca0f0c676f51d') in 0.008857 seconds 
  Import took 0.011106 seconds .

========================================================================
Received Import Request.
  Time since last request: 0.000124 seconds.
  path: Assets/Sprites/Slide (6).png
  artifactKey: Guid(f29ad505110c1bd45b1871b2a124f033) Importer(815301076,1909f56bfc062723c751e8b465ee728b)
Start importing Assets/Sprites/Slide (6).png using Guid(f29ad505110c1bd45b1871b2a124f033) Importer(815301076,1909f56bfc062723c751e8b465ee728b)  -> (artifact id: '38dcf2f577cfed0d15ded66b6f8beac8') in 0.009699 seconds 
  Import took 0.011793 seconds .

========================================================================
Received Import Request.
  Time since last request: 0.000134 seconds.
  path: Assets/Sprites/Run (1).png
  artifactKey: Guid(f00bd6dc32ca9974ca190ad26d299783) Importer(815301076,1909f56bfc062723c751e8b465ee728b)
Start importing Assets/Sprites/Run (1).png using Guid(f00bd6dc32ca9974ca190ad26d299783) Importer(815301076,1909f56bfc062723c751e8b465ee728b)  -> (artifact id: '898790072997609122735aeb1c3bfa6d') in 0.008236 seconds 
  Import took 0.010472 seconds .

========================================================================
Received Import Request.
  Time since last request: 0.000134 seconds.
  path: Assets/Sprites/Dead (10).png
  artifactKey: Guid(b92b33d2b457c5b40ac49c94b9a16bf0) Importer(815301076,1909f56bfc062723c751e8b465ee728b)
Start importing Assets/Sprites/Dead (10).png using Guid(b92b33d2b457c5b40ac49c94b9a16bf0) Importer(815301076,1909f56bfc062723c751e8b465ee728b)  -> (artifact id: 'db8d8cbc875c4b05899a85ec7403f89c') in 0.009303 seconds 
  Import took 0.011395 seconds .

========================================================================
Received Import Request.
  Time since last request: 0.000156 seconds.
  path: Assets/Sprites/Hurt (5).png
  artifactKey: Guid(2c9f5ca40487d8147886ee7098e354b2) Importer(815301076,1909f56bfc062723c751e8b465ee728b)
Start importing Assets/Sprites/Hurt (5).png using Guid(2c9f5ca40487d8147886ee7098e354b2) Importer(815301076,1909f56bfc062723c751e8b465ee728b)  -> (artifact id: '2cab4862b5eab900f63dcb7e23c7091c') in 0.008978 seconds 
  Import took 0.011453 seconds .

========================================================================
Received Import Request.
  Time since last request: 0.000148 seconds.
  path: Assets/Sprites/Idle (10).png
  artifactKey: Guid(097c476675d7dad48bc2aeba4ddbaf13) Importer(815301076,1909f56bfc062723c751e8b465ee728b)
Start importing Assets/Sprites/Idle (10).png using Guid(097c476675d7dad48bc2aeba4ddbaf13) Importer(815301076,1909f56bfc062723c751e8b465ee728b)  -> (artifact id: '1ce792b5e4a9582cc684400d8a31a0d9') in 0.009152 seconds 
  Import took 0.011449 seconds .

========================================================================
Received Import Request.
  Time since last request: 0.000135 seconds.
  path: Assets/Sprites/Walk (5).png
  artifactKey: Guid(a27330818cb739440bffa4a502cafdfa) Importer(815301076,1909f56bfc062723c751e8b465ee728b)
Start importing Assets/Sprites/Walk (5).png using Guid(a27330818cb739440bffa4a502cafdfa) Importer(815301076,1909f56bfc062723c751e8b465ee728b)  -> (artifact id: 'bfde4fc91c9e1117fa50f78a92a725e4') in 0.007839 seconds 
  Import took 0.009759 seconds .

========================================================================
Received Import Request.
  Time since last request: 0.000126 seconds.
  path: Assets/Sprites/Slide (1).png
  artifactKey: Guid(65342de3846952e4598f6641a7de20c0) Importer(815301076,1909f56bfc062723c751e8b465ee728b)
Start importing Assets/Sprites/Slide (1).png using Guid(65342de3846952e4598f6641a7de20c0) Importer(815301076,1909f56bfc062723c751e8b465ee728b)  -> (artifact id: 'b82c1f668e47ec7ac340a8ec7cca259c') in 0.007361 seconds 
  Import took 0.009375 seconds .

========================================================================
Received Import Request.
  Time since last request: 0.000130 seconds.
  path: Assets/Sprites/Hurt (9).png
  artifactKey: Guid(e801b8dd6317eb34cb87f32c0eb40044) Importer(815301076,1909f56bfc062723c751e8b465ee728b)
Start importing Assets/Sprites/Hurt (9).png using Guid(e801b8dd6317eb34cb87f32c0eb40044) Importer(815301076,1909f56bfc062723c751e8b465ee728b)  -> (artifact id: '1c54822e4775fd56fa97298a952c1970') in 0.008102 seconds 
  Import took 0.010022 seconds .

========================================================================
Received Import Request.
  Time since last request: 0.000113 seconds.
  path: Assets/Sprites/Run (5).png
  artifactKey: Guid(82864388280f78047af6a863a6d6d30c) Importer(815301076,1909f56bfc062723c751e8b465ee728b)
Start importing Assets/Sprites/Run (5).png using Guid(82864388280f78047af6a863a6d6d30c) Importer(815301076,1909f56bfc062723c751e8b465ee728b)  -> (artifact id: '48426d0cc5dd8b5e58673faafd15e0a2') in 0.008575 seconds 
  Import took 0.010810 seconds .

========================================================================
Received Import Request.
  Time since last request: 0.000154 seconds.
  path: Assets/Sprites/Walk (2).png
  artifactKey: Guid(43f4499bfbe3fe844b2f3a6ab041b94e) Importer(815301076,1909f56bfc062723c751e8b465ee728b)
Start importing Assets/Sprites/Walk (2).png using Guid(43f4499bfbe3fe844b2f3a6ab041b94e) Importer(815301076,1909f56bfc062723c751e8b465ee728b)  -> (artifact id: '19fbaaecd6da9535e517deabb6c2070f') in 0.010494 seconds 
  Import took 0.012908 seconds .

========================================================================
Received Import Request.
  Time since last request: 0.000142 seconds.
  path: Assets/Sprites/Hurt (3).png
  artifactKey: Guid(e7f794538f207b544915cef94e4271e4) Importer(815301076,1909f56bfc062723c751e8b465ee728b)
Start importing Assets/Sprites/Hurt (3).png using Guid(e7f794538f207b544915cef94e4271e4) Importer(815301076,1909f56bfc062723c751e8b465ee728b)  -> (artifact id: '3cbd3a0aab9502f7d8c3a64c8f72dadc') in 0.009187 seconds 
  Import took 0.011834 seconds .

========================================================================
Received Import Request.
  Time since last request: 0.000140 seconds.
  path: Assets/Sprites/Jump (7).png
  artifactKey: Guid(c890c44147116064f923a5c4a1c3f75f) Importer(815301076,1909f56bfc062723c751e8b465ee728b)
Start importing Assets/Sprites/Jump (7).png using Guid(c890c44147116064f923a5c4a1c3f75f) Importer(815301076,1909f56bfc062723c751e8b465ee728b)  -> (artifact id: '8ad343ba5714136f8d0dd3f31fa3b955') in 0.008494 seconds 
  Import took 0.010896 seconds .

========================================================================
Received Import Request.
  Time since last request: 0.000115 seconds.
  path: Assets/Sprites/Run (4).png
  artifactKey: Guid(5295d8dc71d401d40847617b3d50d32d) Importer(815301076,1909f56bfc062723c751e8b465ee728b)
Start importing Assets/Sprites/Run (4).png using Guid(5295d8dc71d401d40847617b3d50d32d) Importer(815301076,1909f56bfc062723c751e8b465ee728b)  -> (artifact id: '996f7e8e5e7095e8bfc64424c7032a32') in 0.009674 seconds 
  Import took 0.011844 seconds .

========================================================================
Received Import Request.
  Time since last request: 0.000167 seconds.
  path: Assets/Sprites/Jump (3).png
  artifactKey: Guid(41b97115c06641e41a5678873133d630) Importer(815301076,1909f56bfc062723c751e8b465ee728b)
Start importing Assets/Sprites/Jump (3).png using Guid(41b97115c06641e41a5678873133d630) Importer(815301076,1909f56bfc062723c751e8b465ee728b)  -> (artifact id: '80be9e90a906288a743435b80fe5539d') in 0.010666 seconds 
  Import took 0.012992 seconds .

========================================================================
Received Import Request.
  Time since last request: 0.000143 seconds.
  path: Assets/Sprites/Fall (7).png
  artifactKey: Guid(ff8b743478cf3934faef22355f255dc0) Importer(815301076,1909f56bfc062723c751e8b465ee728b)
Start importing Assets/Sprites/Fall (7).png using Guid(ff8b743478cf3934faef22355f255dc0) Importer(815301076,1909f56bfc062723c751e8b465ee728b)  -> (artifact id: '7315c1163ee5dcdfac4c53d416d672d7') in 0.009001 seconds 
  Import took 0.010906 seconds .

========================================================================
Received Import Request.
  Time since last request: 0.000113 seconds.
  path: Assets/Sprites/Idle (8).png
  artifactKey: Guid(0bd60247abd287e44bab7238335510dd) Importer(815301076,1909f56bfc062723c751e8b465ee728b)
Start importing Assets/Sprites/Idle (8).png using Guid(0bd60247abd287e44bab7238335510dd) Importer(815301076,1909f56bfc062723c751e8b465ee728b)  -> (artifact id: '6d5f860876b3c3f1d069cc8076eff550') in 0.006957 seconds 
  Import took 0.008803 seconds .

========================================================================
Received Import Request.
  Time since last request: 0.000110 seconds.
  path: Assets/Sprites/Run (3).png
  artifactKey: Guid(29aeca19ee16a234f9489712beb9a7d1) Importer(815301076,1909f56bfc062723c751e8b465ee728b)
Start importing Assets/Sprites/Run (3).png using Guid(29aeca19ee16a234f9489712beb9a7d1) Importer(815301076,1909f56bfc062723c751e8b465ee728b)  -> (artifact id: 'dc94a4c384910dac9e6875cf74fe3313') in 0.006988 seconds 
  Import took 0.008763 seconds .

========================================================================
Received Import Request.
  Time since last request: 0.000107 seconds.
  path: Assets/Sprites/Hurt (2).png
  artifactKey: Guid(6c2c12e02bd70c84397d842ceee9bceb) Importer(815301076,1909f56bfc062723c751e8b465ee728b)
Start importing Assets/Sprites/Hurt (2).png using Guid(6c2c12e02bd70c84397d842ceee9bceb) Importer(815301076,1909f56bfc062723c751e8b465ee728b)  -> (artifact id: '48c23706cc3365fe7a4a20cd4b016731') in 0.007293 seconds 
  Import took 0.008982 seconds .

========================================================================
Received Import Request.
  Time since last request: 0.000103 seconds.
  path: Assets/Sprites/Hurt (6).png
  artifactKey: Guid(790181a6e09804d4a9140a91083857ee) Importer(815301076,1909f56bfc062723c751e8b465ee728b)
Start importing Assets/Sprites/Hurt (6).png using Guid(790181a6e09804d4a9140a91083857ee) Importer(815301076,1909f56bfc062723c751e8b465ee728b)  -> (artifact id: '88593b158a4f247f4896e7d59cd101d2') in 0.008318 seconds 
  Import took 0.009975 seconds .

========================================================================
Received Import Request.
  Time since last request: 0.000102 seconds.
  path: Assets/Sprites/Dead (5).png
  artifactKey: Guid(64b3bfcd659c51a41b69c083c50284a0) Importer(815301076,1909f56bfc062723c751e8b465ee728b)
Start importing Assets/Sprites/Dead (5).png using Guid(64b3bfcd659c51a41b69c083c50284a0) Importer(815301076,1909f56bfc062723c751e8b465ee728b)  -> (artifact id: '2ad3e3fa51634f824aacc4a008b55c67') in 0.006839 seconds 
  Import took 0.008509 seconds .

========================================================================
Received Import Request.
  Time since last request: 0.000104 seconds.
  path: Assets/Sprites/Slide (9).png
  artifactKey: Guid(89214673d28ffd54b9c23c663300f0ef) Importer(815301076,1909f56bfc062723c751e8b465ee728b)
Start importing Assets/Sprites/Slide (9).png using Guid(89214673d28ffd54b9c23c663300f0ef) Importer(815301076,1909f56bfc062723c751e8b465ee728b)  -> (artifact id: '00f344947e5f932817efa7510bb9dcdf') in 0.008476 seconds 
  Import took 0.010359 seconds .

========================================================================
Received Import Request.
  Time since last request: 0.000129 seconds.
  path: Assets/Sprites/Fall (6).png
  artifactKey: Guid(c995d01e8bcce4b48a63f4f0a75e5e84) Importer(815301076,1909f56bfc062723c751e8b465ee728b)
Start importing Assets/Sprites/Fall (6).png using Guid(c995d01e8bcce4b48a63f4f0a75e5e84) Importer(815301076,1909f56bfc062723c751e8b465ee728b)  -> (artifact id: 'b256b73f6f794f85515719d113c85421') in 0.008596 seconds 
  Import took 0.010804 seconds .

========================================================================
Received Prepare
Registering precompiled user dll's ...
Registered in 0.001783 seconds.
Begin MonoManager ReloadAssembly
Native extension for Lumin target not found
Native extension for LinuxStandalone target not found
Native extension for WindowsStandalone target not found
Native extension for OSXStandalone target not found
Native extension for WebGL target not found
Refreshing native plugins compatible for Editor in 0.42 ms, found 3 plugins.
Preloading 0 native plugins for Editor in 0.00 ms.
Mono: successfully reloaded assembly
- Completed reload, in  0.685 seconds
Domain Reload Profiling:
	ReloadAssembly (685ms)
		BeginReloadAssembly (89ms)
			ExecutionOrderSort (0ms)
			DisableScriptedObjects (4ms)
			BackupInstance (0ms)
			ReleaseScriptingObjects (0ms)
			CreateAndSetChildDomain (27ms)
		EndReloadAssembly (556ms)
			LoadAssemblies (57ms)
			RebuildTransferFunctionScriptingTraits (0ms)
			SetupTypeCache (170ms)
			ReleaseScriptCaches (1ms)
			RebuildScriptCaches (25ms)
			SetupLoadedEditorAssemblies (242ms)
				LogAssemblyErrors (0ms)
				InitializePlatformSupportModulesInManaged (5ms)
				SetLoadedEditorAssemblies (0ms)
				RefreshPlugins (0ms)
				BeforeProcessingInitializeOnLoad (60ms)
				ProcessInitializeOnLoadAttributes (168ms)
				ProcessInitializeOnLoadMethodAttributes (3ms)
				AfterProcessingInitializeOnLoad (4ms)
				EditorAssembliesLoaded (0ms)
			ExecutionOrderSort2 (0ms)
			AwakeInstancesAfterBackupRestoration (7ms)
Platform modules already initialized, skipping
Refreshing native plugins compatible for Editor in 0.42 ms, found 3 plugins.
Preloading 0 native plugins for Editor in 0.00 ms.
Unloading 2082 Unused Serialized files (Serialized files now loaded: 0)
System memory in use before: 96.3 MB.
System memory in use after: 96.4 MB.

Unloading 16 unused Assets to reduce memory usage. Loaded Objects now: 2546.
Total: 2.470900 ms (FindLiveObjects: 0.162300 ms CreateObjectMapping: 0.050400 ms MarkObjects: 2.244300 ms  DeleteObjects: 0.013300 ms)

AssetImportParameters requested are different than current active one (requested -> active):
  custom:framework-win-MediaFoundation: 216162199b28c13a410421893ffa2e32 -> 
  custom:video-decoder-ogg-theora: a1e56fd34408186e4bbccfd4996cb3dc -> 
  custom:container-muxer-webm: aa71ff27fc2769a1b78a27578f13a17b -> 
  custom:container-demuxer-webm: 4f35f7cbe854078d1ac9338744f61a02 -> 
  custom:container-demuxer-ogg: 62fdf1f143b41e24485cea50d1cbac27 -> 
  custom:video-encoder-webm-vp8: eb34c28f22e8b96e1ab97ce403110664 -> 
  custom:video-decoder-webm-vp8: 9c59270c3fd7afecdb556c50c9e8de78 -> 
  custom:audio-decoder-ogg-vorbis: bf7c407c2cedff20999df2af8eb42d56 -> 
  custom:audio-encoder-webm-vorbis: bf7c407c2cedff20999df2af8eb42d56 -> 
========================================================================
Received Prepare
Registering precompiled user dll's ...
Registered in 0.001843 seconds.
Begin MonoManager ReloadAssembly
Native extension for Lumin target not found
Native extension for LinuxStandalone target not found
Native extension for WindowsStandalone target not found
Native extension for OSXStandalone target not found
Native extension for WebGL target not found
Refreshing native plugins compatible for Editor in 0.42 ms, found 3 plugins.
Preloading 0 native plugins for Editor in 0.00 ms.
Mono: successfully reloaded assembly
- Completed reload, in  0.682 seconds
Domain Reload Profiling:
	ReloadAssembly (682ms)
		BeginReloadAssembly (84ms)
			ExecutionOrderSort (0ms)
			DisableScriptedObjects (4ms)
			BackupInstance (0ms)
			ReleaseScriptingObjects (0ms)
			CreateAndSetChildDomain (26ms)
		EndReloadAssembly (557ms)
			LoadAssemblies (58ms)
			RebuildTransferFunctionScriptingTraits (0ms)
			SetupTypeCache (170ms)
			ReleaseScriptCaches (1ms)
			RebuildScriptCaches (25ms)
			SetupLoadedEditorAssemblies (242ms)
				LogAssemblyErrors (0ms)
				InitializePlatformSupportModulesInManaged (6ms)
				SetLoadedEditorAssemblies (0ms)
				RefreshPlugins (0ms)
				BeforeProcessingInitializeOnLoad (61ms)
				ProcessInitializeOnLoadAttributes (167ms)
				ProcessInitializeOnLoadMethodAttributes (3ms)
				AfterProcessingInitializeOnLoad (4ms)
				EditorAssembliesLoaded (0ms)
			ExecutionOrderSort2 (0ms)
			AwakeInstancesAfterBackupRestoration (7ms)
Platform modules already initialized, skipping
Refreshing native plugins compatible for Editor in 0.32 ms, found 3 plugins.
Preloading 0 native plugins for Editor in 0.00 ms.
Unloading 2082 Unused Serialized files (Serialized files now loaded: 0)
System memory in use before: 96.3 MB.
System memory in use after: 96.4 MB.

Unloading 16 unused Assets to reduce memory usage. Loaded Objects now: 2549.
Total: 2.233800 ms (FindLiveObjects: 0.137600 ms CreateObjectMapping: 0.038900 ms MarkObjects: 2.043000 ms  DeleteObjects: 0.013700 ms)

AssetImportParameters requested are different than current active one (requested -> active):
  custom:framework-win-MediaFoundation: 216162199b28c13a410421893ffa2e32 -> 
  custom:video-decoder-ogg-theora: a1e56fd34408186e4bbccfd4996cb3dc -> 
  custom:container-muxer-webm: aa71ff27fc2769a1b78a27578f13a17b -> 
  custom:container-demuxer-webm: 4f35f7cbe854078d1ac9338744f61a02 -> 
  custom:container-demuxer-ogg: 62fdf1f143b41e24485cea50d1cbac27 -> 
  custom:video-encoder-webm-vp8: eb34c28f22e8b96e1ab97ce403110664 -> 
  custom:video-decoder-webm-vp8: 9c59270c3fd7afecdb556c50c9e8de78 -> 
  custom:audio-decoder-ogg-vorbis: bf7c407c2cedff20999df2af8eb42d56 -> 
  custom:audio-encoder-webm-vorbis: bf7c407c2cedff20999df2af8eb42d56 -> 
========================================================================
Received Import Request.
  Time since last request: 154.090039 seconds.
  path: Assets/Scenes
  artifactKey: Guid(fea621d06ecd7e34792732730b803ba1) Importer(815301076,1909f56bfc062723c751e8b465ee728b)
Start importing Assets/Scenes using Guid(fea621d06ecd7e34792732730b803ba1) Importer(815301076,1909f56bfc062723c751e8b465ee728b)  -> (artifact id: '6eeb1b93e2834778194f8fe0a35e9516') in 0.007032 seconds 
  Import took 0.009546 seconds .

========================================================================
Received Import Request.
  Time since last request: 66.312473 seconds.
  path: Assets/Animations/Idle (1).controller
  artifactKey: Guid(73d28f86b0e348e4a83e53ff273b0ab8) Importer(815301076,1909f56bfc062723c751e8b465ee728b)
Start importing Assets/Animations/Idle (1).controller using Guid(73d28f86b0e348e4a83e53ff273b0ab8) Importer(815301076,1909f56bfc062723c751e8b465ee728b)  -> (artifact id: 'eda19bf4b46f6470dbcc9dc4c9ffcf36') in 0.008950 seconds 
  Import took 0.011486 seconds .

========================================================================
Received Prepare
Registering precompiled user dll's ...
Registered in 0.001743 seconds.
Begin MonoManager ReloadAssembly
Native extension for Lumin target not found
Native extension for LinuxStandalone target not found
Native extension for WindowsStandalone target not found
Native extension for OSXStandalone target not found
Native extension for WebGL target not found
Refreshing native plugins compatible for Editor in 0.43 ms, found 3 plugins.
Preloading 0 native plugins for Editor in 0.00 ms.
Mono: successfully reloaded assembly
- Completed reload, in  0.683 seconds
Domain Reload Profiling:
	ReloadAssembly (683ms)
		BeginReloadAssembly (92ms)
			ExecutionOrderSort (0ms)
			DisableScriptedObjects (4ms)
			BackupInstance (0ms)
			ReleaseScriptingObjects (0ms)
			CreateAndSetChildDomain (26ms)
		EndReloadAssembly (551ms)
			LoadAssemblies (56ms)
			RebuildTransferFunctionScriptingTraits (0ms)
			SetupTypeCache (168ms)
			ReleaseScriptCaches (1ms)
			RebuildScriptCaches (25ms)
			SetupLoadedEditorAssemblies (240ms)
				LogAssemblyErrors (0ms)
				InitializePlatformSupportModulesInManaged (5ms)
				SetLoadedEditorAssemblies (0ms)
				RefreshPlugins (0ms)
				BeforeProcessingInitializeOnLoad (59ms)
				ProcessInitializeOnLoadAttributes (167ms)
				ProcessInitializeOnLoadMethodAttributes (3ms)
				AfterProcessingInitializeOnLoad (4ms)
				EditorAssembliesLoaded (0ms)
			ExecutionOrderSort2 (0ms)
			AwakeInstancesAfterBackupRestoration (7ms)
Platform modules already initialized, skipping
Refreshing native plugins compatible for Editor in 0.43 ms, found 3 plugins.
Preloading 0 native plugins for Editor in 0.00 ms.
Unloading 2083 Unused Serialized files (Serialized files now loaded: 0)
System memory in use before: 96.4 MB.
System memory in use after: 96.5 MB.

Unloading 16 unused Assets to reduce memory usage. Loaded Objects now: 2553.
Total: 2.362800 ms (FindLiveObjects: 0.190300 ms CreateObjectMapping: 0.081400 ms MarkObjects: 2.074900 ms  DeleteObjects: 0.015700 ms)

AssetImportParameters requested are different than current active one (requested -> active):
  custom:framework-win-MediaFoundation: 216162199b28c13a410421893ffa2e32 -> 
  custom:video-decoder-ogg-theora: a1e56fd34408186e4bbccfd4996cb3dc -> 
  custom:container-muxer-webm: aa71ff27fc2769a1b78a27578f13a17b -> 
  custom:container-demuxer-webm: 4f35f7cbe854078d1ac9338744f61a02 -> 
  custom:container-demuxer-ogg: 62fdf1f143b41e24485cea50d1cbac27 -> 
  custom:video-encoder-webm-vp8: eb34c28f22e8b96e1ab97ce403110664 -> 
  custom:video-decoder-webm-vp8: 9c59270c3fd7afecdb556c50c9e8de78 -> 
  custom:audio-decoder-ogg-vorbis: bf7c407c2cedff20999df2af8eb42d56 -> 
  custom:audio-encoder-webm-vorbis: bf7c407c2cedff20999df2af8eb42d56 -> 
========================================================================
Received Import Request.
  Time since last request: 410.071238 seconds.
  path: Assets/CatController.cs
  artifactKey: Guid(4a2aaad0808228c4c8f6d653455d6a60) Importer(815301076,1909f56bfc062723c751e8b465ee728b)
Start importing Assets/CatController.cs using Guid(4a2aaad0808228c4c8f6d653455d6a60) Importer(815301076,1909f56bfc062723c751e8b465ee728b)  -> (artifact id: '48ebd1870791a6c150959cc058ef312e') in 0.003787 seconds 
  Import took 0.006220 seconds .

========================================================================
Received Import Request.
  Time since last request: 0.014969 seconds.
  path: Assets/CatController.cs
  artifactKey: Guid(4a2aaad0808228c4c8f6d653455d6a60) Importer(815301076,1909f56bfc062723c751e8b465ee728b)
Start importing Assets/CatController.cs using Guid(4a2aaad0808228c4c8f6d653455d6a60) Importer(815301076,1909f56bfc062723c751e8b465ee728b)  -> (artifact id: '48ebd1870791a6c150959cc058ef312e') in 0.000816 seconds 
  Import took 0.002466 seconds .

========================================================================
Received Prepare
Registering precompiled user dll's ...
Registered in 0.001817 seconds.
Begin MonoManager ReloadAssembly
Native extension for Lumin target not found
Native extension for LinuxStandalone target not found
Native extension for WindowsStandalone target not found
Native extension for OSXStandalone target not found
Native extension for WebGL target not found
Refreshing native plugins compatible for Editor in 0.43 ms, found 3 plugins.
Preloading 0 native plugins for Editor in 0.00 ms.
Mono: successfully reloaded assembly
- Completed reload, in  0.682 seconds
Domain Reload Profiling:
	ReloadAssembly (682ms)
		BeginReloadAssembly (90ms)
			ExecutionOrderSort (0ms)
			DisableScriptedObjects (4ms)
			BackupInstance (0ms)
			ReleaseScriptingObjects (0ms)
			CreateAndSetChildDomain (26ms)
		EndReloadAssembly (552ms)
			LoadAssemblies (57ms)
			RebuildTransferFunctionScriptingTraits (0ms)
			SetupTypeCache (167ms)
			ReleaseScriptCaches (1ms)
			RebuildScriptCaches (25ms)
			SetupLoadedEditorAssemblies (242ms)
				LogAssemblyErrors (0ms)
				InitializePlatformSupportModulesInManaged (5ms)
				SetLoadedEditorAssemblies (0ms)
				RefreshPlugins (0ms)
				BeforeProcessingInitializeOnLoad (60ms)
				ProcessInitializeOnLoadAttributes (168ms)
				ProcessInitializeOnLoadMethodAttributes (3ms)
				AfterProcessingInitializeOnLoad (5ms)
				EditorAssembliesLoaded (0ms)
			ExecutionOrderSort2 (0ms)
			AwakeInstancesAfterBackupRestoration (7ms)
Platform modules already initialized, skipping
Refreshing native plugins compatible for Editor in 0.43 ms, found 3 plugins.
Preloading 0 native plugins for Editor in 0.00 ms.
Unloading 2082 Unused Serialized files (Serialized files now loaded: 0)
System memory in use before: 96.4 MB.
System memory in use after: 96.5 MB.

Unloading 17 unused Assets to reduce memory usage. Loaded Objects now: 2555.
Total: 2.206800 ms (FindLiveObjects: 0.124500 ms CreateObjectMapping: 0.039100 ms MarkObjects: 2.027400 ms  DeleteObjects: 0.015100 ms)

AssetImportParameters requested are different than current active one (requested -> active):
  custom:framework-win-MediaFoundation: 216162199b28c13a410421893ffa2e32 -> 
  custom:video-decoder-ogg-theora: a1e56fd34408186e4bbccfd4996cb3dc -> 
  custom:container-muxer-webm: aa71ff27fc2769a1b78a27578f13a17b -> 
  custom:container-demuxer-webm: 4f35f7cbe854078d1ac9338744f61a02 -> 
  custom:container-demuxer-ogg: 62fdf1f143b41e24485cea50d1cbac27 -> 
  custom:video-encoder-webm-vp8: eb34c28f22e8b96e1ab97ce403110664 -> 
  custom:video-decoder-webm-vp8: 9c59270c3fd7afecdb556c50c9e8de78 -> 
  custom:audio-decoder-ogg-vorbis: bf7c407c2cedff20999df2af8eb42d56 -> 
  custom:audio-encoder-webm-vorbis: bf7c407c2cedff20999df2af8eb42d56 -> 
========================================================================
Received Prepare
Registering precompiled user dll's ...
Registered in 0.001778 seconds.
Begin MonoManager ReloadAssembly
Native extension for Lumin target not found
Native extension for LinuxStandalone target not found
Native extension for WindowsStandalone target not found
Native extension for OSXStandalone target not found
Native extension for WebGL target not found
Refreshing native plugins compatible for Editor in 0.43 ms, found 3 plugins.
Preloading 0 native plugins for Editor in 0.00 ms.
Mono: successfully reloaded assembly
- Completed reload, in  0.669 seconds
Domain Reload Profiling:
	ReloadAssembly (669ms)
		BeginReloadAssembly (80ms)
			ExecutionOrderSort (0ms)
			DisableScriptedObjects (4ms)
			BackupInstance (0ms)
			ReleaseScriptingObjects (0ms)
			CreateAndSetChildDomain (25ms)
		EndReloadAssembly (548ms)
			LoadAssemblies (57ms)
			RebuildTransferFunctionScriptingTraits (0ms)
			SetupTypeCache (166ms)
			ReleaseScriptCaches (1ms)
			RebuildScriptCaches (25ms)
			SetupLoadedEditorAssemblies (239ms)
				LogAssemblyErrors (0ms)
				InitializePlatformSupportModulesInManaged (5ms)
				SetLoadedEditorAssemblies (0ms)
				RefreshPlugins (0ms)
				BeforeProcessingInitializeOnLoad (59ms)
				ProcessInitializeOnLoadAttributes (165ms)
				ProcessInitializeOnLoadMethodAttributes (3ms)
				AfterProcessingInitializeOnLoad (4ms)
				EditorAssembliesLoaded (0ms)
			ExecutionOrderSort2 (0ms)
			AwakeInstancesAfterBackupRestoration (7ms)
Platform modules already initialized, skipping
Refreshing native plugins compatible for Editor in 0.39 ms, found 3 plugins.
Preloading 0 native plugins for Editor in 0.00 ms.
Unloading 2082 Unused Serialized files (Serialized files now loaded: 0)
System memory in use before: 96.4 MB.
System memory in use after: 96.5 MB.

Unloading 16 unused Assets to reduce memory usage. Loaded Objects now: 2558.
Total: 2.198300 ms (FindLiveObjects: 0.133400 ms CreateObjectMapping: 0.039200 ms MarkObjects: 2.012000 ms  DeleteObjects: 0.013100 ms)

AssetImportParameters requested are different than current active one (requested -> active):
  custom:framework-win-MediaFoundation: 216162199b28c13a410421893ffa2e32 -> 
  custom:video-decoder-ogg-theora: a1e56fd34408186e4bbccfd4996cb3dc -> 
  custom:container-muxer-webm: aa71ff27fc2769a1b78a27578f13a17b -> 
  custom:container-demuxer-webm: 4f35f7cbe854078d1ac9338744f61a02 -> 
  custom:container-demuxer-ogg: 62fdf1f143b41e24485cea50d1cbac27 -> 
  custom:video-encoder-webm-vp8: eb34c28f22e8b96e1ab97ce403110664 -> 
  custom:video-decoder-webm-vp8: 9c59270c3fd7afecdb556c50c9e8de78 -> 
  custom:audio-decoder-ogg-vorbis: bf7c407c2cedff20999df2af8eb42d56 -> 
  custom:audio-encoder-webm-vorbis: bf7c407c2cedff20999df2af8eb42d56 -> 
========================================================================
Received Prepare
Registering precompiled user dll's ...
Registered in 0.001970 seconds.
Begin MonoManager ReloadAssembly
Native extension for Lumin target not found
Native extension for LinuxStandalone target not found
Native extension for WindowsStandalone target not found
Native extension for OSXStandalone target not found
Native extension for WebGL target not found
Refreshing native plugins compatible for Editor in 0.48 ms, found 3 plugins.
Preloading 0 native plugins for Editor in 0.00 ms.
Mono: successfully reloaded assembly
- Completed reload, in  0.696 seconds
Domain Reload Profiling:
	ReloadAssembly (696ms)
		BeginReloadAssembly (89ms)
			ExecutionOrderSort (0ms)
			DisableScriptedObjects (4ms)
			BackupInstance (0ms)
			ReleaseScriptingObjects (0ms)
			CreateAndSetChildDomain (26ms)
		EndReloadAssembly (566ms)
			LoadAssemblies (58ms)
			RebuildTransferFunctionScriptingTraits (0ms)
			SetupTypeCache (171ms)
			ReleaseScriptCaches (1ms)
			RebuildScriptCaches (26ms)
			SetupLoadedEditorAssemblies (248ms)
				LogAssemblyErrors (0ms)
				InitializePlatformSupportModulesInManaged (6ms)
				SetLoadedEditorAssemblies (0ms)
				RefreshPlugins (1ms)
				BeforeProcessingInitializeOnLoad (61ms)
				ProcessInitializeOnLoadAttributes (172ms)
				ProcessInitializeOnLoadMethodAttributes (4ms)
				AfterProcessingInitializeOnLoad (5ms)
				EditorAssembliesLoaded (0ms)
			ExecutionOrderSort2 (0ms)
			AwakeInstancesAfterBackupRestoration (7ms)
Platform modules already initialized, skipping
Refreshing native plugins compatible for Editor in 0.38 ms, found 3 plugins.
Preloading 0 native plugins for Editor in 0.00 ms.
Unloading 2082 Unused Serialized files (Serialized files now loaded: 0)
System memory in use before: 96.4 MB.
System memory in use after: 96.5 MB.

Unloading 16 unused Assets to reduce memory usage. Loaded Objects now: 2561.
Total: 2.505500 ms (FindLiveObjects: 0.144900 ms CreateObjectMapping: 0.053100 ms MarkObjects: 2.291900 ms  DeleteObjects: 0.015100 ms)

AssetImportParameters requested are different than current active one (requested -> active):
  custom:framework-win-MediaFoundation: 216162199b28c13a410421893ffa2e32 -> 
  custom:video-decoder-ogg-theora: a1e56fd34408186e4bbccfd4996cb3dc -> 
  custom:container-muxer-webm: aa71ff27fc2769a1b78a27578f13a17b -> 
  custom:container-demuxer-webm: 4f35f7cbe854078d1ac9338744f61a02 -> 
  custom:container-demuxer-ogg: 62fdf1f143b41e24485cea50d1cbac27 -> 
  custom:video-encoder-webm-vp8: eb34c28f22e8b96e1ab97ce403110664 -> 
  custom:video-decoder-webm-vp8: 9c59270c3fd7afecdb556c50c9e8de78 -> 
  custom:audio-decoder-ogg-vorbis: bf7c407c2cedff20999df2af8eb42d56 -> 
  custom:audio-encoder-webm-vorbis: bf7c407c2cedff20999df2af8eb42d56 -> 
========================================================================
Received Prepare
Registering precompiled user dll's ...
Registered in 0.001736 seconds.
Begin MonoManager ReloadAssembly
Native extension for Lumin target not found
Native extension for LinuxStandalone target not found
Native extension for WindowsStandalone target not found
Native extension for OSXStandalone target not found
Native extension for WebGL target not found
Refreshing native plugins compatible for Editor in 0.43 ms, found 3 plugins.
Preloading 0 native plugins for Editor in 0.00 ms.
Mono: successfully reloaded assembly
- Completed reload, in  0.663 seconds
Domain Reload Profiling:
	ReloadAssembly (663ms)
		BeginReloadAssembly (79ms)
			ExecutionOrderSort (0ms)
			DisableScriptedObjects (4ms)
			BackupInstance (0ms)
			ReleaseScriptingObjects (0ms)
			CreateAndSetChildDomain (25ms)
		EndReloadAssembly (545ms)
			LoadAssemblies (55ms)
			RebuildTransferFunctionScriptingTraits (0ms)
			SetupTypeCache (164ms)
			ReleaseScriptCaches (1ms)
			RebuildScriptCaches (25ms)
			SetupLoadedEditorAssemblies (239ms)
				LogAssemblyErrors (0ms)
				InitializePlatformSupportModulesInManaged (5ms)
				SetLoadedEditorAssemblies (0ms)
				RefreshPlugins (0ms)
				BeforeProcessingInitializeOnLoad (59ms)
				ProcessInitializeOnLoadAttributes (167ms)
				ProcessInitializeOnLoadMethodAttributes (3ms)
				AfterProcessingInitializeOnLoad (4ms)
				EditorAssembliesLoaded (0ms)
			ExecutionOrderSort2 (0ms)
			AwakeInstancesAfterBackupRestoration (7ms)
Platform modules already initialized, skipping
Refreshing native plugins compatible for Editor in 0.37 ms, found 3 plugins.
Preloading 0 native plugins for Editor in 0.00 ms.
Unloading 2082 Unused Serialized files (Serialized files now loaded: 0)
System memory in use before: 96.4 MB.
System memory in use after: 96.5 MB.

Unloading 16 unused Assets to reduce memory usage. Loaded Objects now: 2564.
Total: 2.483400 ms (FindLiveObjects: 0.142600 ms CreateObjectMapping: 0.048600 ms MarkObjects: 2.277200 ms  DeleteObjects: 0.014400 ms)

AssetImportParameters requested are different than current active one (requested -> active):
  custom:framework-win-MediaFoundation: 216162199b28c13a410421893ffa2e32 -> 
  custom:video-decoder-ogg-theora: a1e56fd34408186e4bbccfd4996cb3dc -> 
  custom:container-muxer-webm: aa71ff27fc2769a1b78a27578f13a17b -> 
  custom:container-demuxer-webm: 4f35f7cbe854078d1ac9338744f61a02 -> 
  custom:container-demuxer-ogg: 62fdf1f143b41e24485cea50d1cbac27 -> 
  custom:video-encoder-webm-vp8: eb34c28f22e8b96e1ab97ce403110664 -> 
  custom:video-decoder-webm-vp8: 9c59270c3fd7afecdb556c50c9e8de78 -> 
  custom:audio-decoder-ogg-vorbis: bf7c407c2cedff20999df2af8eb42d56 -> 
  custom:audio-encoder-webm-vorbis: bf7c407c2cedff20999df2af8eb42d56 -> 
========================================================================
Received Import Request.
  Time since last request: 199.702169 seconds.
  path: Assets/Scripts/quickclose.cs
  artifactKey: Guid(30c7c9ad18fb64240b6b3033dfd2939a) Importer(815301076,1909f56bfc062723c751e8b465ee728b)
Start importing Assets/Scripts/quickclose.cs using Guid(30c7c9ad18fb64240b6b3033dfd2939a) Importer(815301076,1909f56bfc062723c751e8b465ee728b)  -> (artifact id: '1cc4f9eab9df4d85e3df09d118cd6269') in 0.006759 seconds 
  Import took 0.009172 seconds .

========================================================================
Received Prepare
Registering precompiled user dll's ...
Registered in 0.001804 seconds.
Begin MonoManager ReloadAssembly
Native extension for Lumin target not found
Native extension for LinuxStandalone target not found
Native extension for WindowsStandalone target not found
Native extension for OSXStandalone target not found
Native extension for WebGL target not found
Refreshing native plugins compatible for Editor in 0.43 ms, found 3 plugins.
Preloading 0 native plugins for Editor in 0.00 ms.
Mono: successfully reloaded assembly
- Completed reload, in  0.692 seconds
Domain Reload Profiling:
	ReloadAssembly (692ms)
		BeginReloadAssembly (83ms)
			ExecutionOrderSort (0ms)
			DisableScriptedObjects (4ms)
			BackupInstance (0ms)
			ReleaseScriptingObjects (0ms)
			CreateAndSetChildDomain (24ms)
		EndReloadAssembly (569ms)
			LoadAssemblies (56ms)
			RebuildTransferFunctionScriptingTraits (0ms)
			SetupTypeCache (169ms)
			ReleaseScriptCaches (1ms)
			RebuildScriptCaches (25ms)
			SetupLoadedEditorAssemblies (256ms)
				LogAssemblyErrors (0ms)
				InitializePlatformSupportModulesInManaged (6ms)
				SetLoadedEditorAssemblies (0ms)
				RefreshPlugins (0ms)
				BeforeProcessingInitializeOnLoad (62ms)
				ProcessInitializeOnLoadAttributes (180ms)
				ProcessInitializeOnLoadMethodAttributes (4ms)
				AfterProcessingInitializeOnLoad (4ms)
				EditorAssembliesLoaded (0ms)
			ExecutionOrderSort2 (0ms)
			AwakeInstancesAfterBackupRestoration (7ms)
Platform modules already initialized, skipping
Refreshing native plugins compatible for Editor in 0.44 ms, found 3 plugins.
Preloading 0 native plugins for Editor in 0.00 ms.
Unloading 2083 Unused Serialized files (Serialized files now loaded: 0)
System memory in use before: 96.4 MB.
System memory in use after: 96.5 MB.

Unloading 16 unused Assets to reduce memory usage. Loaded Objects now: 2568.
Total: 2.484100 ms (FindLiveObjects: 0.168400 ms CreateObjectMapping: 0.055200 ms MarkObjects: 2.245400 ms  DeleteObjects: 0.014600 ms)

AssetImportParameters requested are different than current active one (requested -> active):
  custom:framework-win-MediaFoundation: 216162199b28c13a410421893ffa2e32 -> 
  custom:video-decoder-ogg-theora: a1e56fd34408186e4bbccfd4996cb3dc -> 
  custom:container-muxer-webm: aa71ff27fc2769a1b78a27578f13a17b -> 
  custom:container-demuxer-webm: 4f35f7cbe854078d1ac9338744f61a02 -> 
  custom:container-demuxer-ogg: 62fdf1f143b41e24485cea50d1cbac27 -> 
  custom:video-encoder-webm-vp8: eb34c28f22e8b96e1ab97ce403110664 -> 
  custom:video-decoder-webm-vp8: 9c59270c3fd7afecdb556c50c9e8de78 -> 
  custom:audio-decoder-ogg-vorbis: bf7c407c2cedff20999df2af8eb42d56 -> 
  custom:audio-encoder-webm-vorbis: bf7c407c2cedff20999df2af8eb42d56 -> 
========================================================================
Received Prepare
Registering precompiled user dll's ...
Registered in 0.001790 seconds.
Begin MonoManager ReloadAssembly
Native extension for Lumin target not found
Native extension for LinuxStandalone target not found
Native extension for WindowsStandalone target not found
Native extension for OSXStandalone target not found
Native extension for WebGL target not found
Refreshing native plugins compatible for Editor in 0.42 ms, found 3 plugins.
Preloading 0 native plugins for Editor in 0.00 ms.
Mono: successfully reloaded assembly
- Completed reload, in  0.670 seconds
Domain Reload Profiling:
	ReloadAssembly (670ms)
		BeginReloadAssembly (85ms)
			ExecutionOrderSort (0ms)
			DisableScriptedObjects (4ms)
			BackupInstance (0ms)
			ReleaseScriptingObjects (0ms)
			CreateAndSetChildDomain (25ms)
		EndReloadAssembly (545ms)
			LoadAssemblies (56ms)
			RebuildTransferFunctionScriptingTraits (0ms)
			SetupTypeCache (165ms)
			ReleaseScriptCaches (1ms)
			RebuildScriptCaches (25ms)
			SetupLoadedEditorAssemblies (237ms)
				LogAssemblyErrors (0ms)
				InitializePlatformSupportModulesInManaged (5ms)
				SetLoadedEditorAssemblies (0ms)
				RefreshPlugins (0ms)
				BeforeProcessingInitializeOnLoad (59ms)
				ProcessInitializeOnLoadAttributes (165ms)
				ProcessInitializeOnLoadMethodAttributes (3ms)
				AfterProcessingInitializeOnLoad (4ms)
				EditorAssembliesLoaded (0ms)
			ExecutionOrderSort2 (0ms)
			AwakeInstancesAfterBackupRestoration (7ms)
Platform modules already initialized, skipping
Refreshing native plugins compatible for Editor in 0.40 ms, found 3 plugins.
Preloading 0 native plugins for Editor in 0.00 ms.
Unloading 2083 Unused Serialized files (Serialized files now loaded: 0)
System memory in use before: 96.4 MB.
System memory in use after: 96.5 MB.

Unloading 16 unused Assets to reduce memory usage. Loaded Objects now: 2571.
Total: 2.273300 ms (FindLiveObjects: 0.144700 ms CreateObjectMapping: 0.040100 ms MarkObjects: 2.074200 ms  DeleteObjects: 0.013800 ms)

AssetImportParameters requested are different than current active one (requested -> active):
  custom:framework-win-MediaFoundation: 216162199b28c13a410421893ffa2e32 -> 
  custom:video-decoder-ogg-theora: a1e56fd34408186e4bbccfd4996cb3dc -> 
  custom:container-muxer-webm: aa71ff27fc2769a1b78a27578f13a17b -> 
  custom:container-demuxer-webm: 4f35f7cbe854078d1ac9338744f61a02 -> 
  custom:container-demuxer-ogg: 62fdf1f143b41e24485cea50d1cbac27 -> 
  custom:video-encoder-webm-vp8: eb34c28f22e8b96e1ab97ce403110664 -> 
  custom:video-decoder-webm-vp8: 9c59270c3fd7afecdb556c50c9e8de78 -> 
  custom:audio-decoder-ogg-vorbis: bf7c407c2cedff20999df2af8eb42d56 -> 
  custom:audio-encoder-webm-vorbis: bf7c407c2cedff20999df2af8eb42d56 -> 
========================================================================
Received Import Request.
  Time since last request: 68.777469 seconds.
  path: Assets/Scripts/quickclose.cs
  artifactKey: Guid(30c7c9ad18fb64240b6b3033dfd2939a) Importer(815301076,1909f56bfc062723c751e8b465ee728b)
Start importing Assets/Scripts/quickclose.cs using Guid(30c7c9ad18fb64240b6b3033dfd2939a) Importer(815301076,1909f56bfc062723c751e8b465ee728b)  -> (artifact id: '14fc17e655e12ec7c02e8590cbe8159d') in 0.006415 seconds 
  Import took 0.008661 seconds .

========================================================================
Received Prepare
Refreshing native plugins compatible for Editor in 2.09 ms, found 3 plugins.
Preloading 0 native plugins for Editor in 0.00 ms.
Unloading 14 Unused Serialized files (Serialized files now loaded: 0)
System memory in use before: 54.9 MB.
System memory in use after: 55.0 MB.

Unloading 14 unused Assets to reduce memory usage. Loaded Objects now: 2571.
Total: 2.276300 ms (FindLiveObjects: 0.168000 ms CreateObjectMapping: 0.042700 ms MarkObjects: 2.054700 ms  DeleteObjects: 0.010400 ms)

AssetImportParameters requested are different than current active one (requested -> active):
  custom:framework-win-MediaFoundation: 216162199b28c13a410421893ffa2e32 -> 
  custom:video-decoder-ogg-theora: a1e56fd34408186e4bbccfd4996cb3dc -> 
  custom:container-muxer-webm: aa71ff27fc2769a1b78a27578f13a17b -> 
  custom:container-demuxer-webm: 4f35f7cbe854078d1ac9338744f61a02 -> 
  custom:container-demuxer-ogg: 62fdf1f143b41e24485cea50d1cbac27 -> 
  custom:video-encoder-webm-vp8: eb34c28f22e8b96e1ab97ce403110664 -> 
  custom:video-decoder-webm-vp8: 9c59270c3fd7afecdb556c50c9e8de78 -> 
  custom:audio-decoder-ogg-vorbis: bf7c407c2cedff20999df2af8eb42d56 -> 
  custom:audio-encoder-webm-vorbis: bf7c407c2cedff20999df2af8eb42d56 -> 
AssetImportWorkerClient::OnTransportError - code=2 error=End of file
